2015/12/03 14:05:29 INFO  - jmeter.util.JMeterUtils: Setting Locale to zh_CN 
2015/12/03 14:05:29 INFO  - jmeter.JMeter: Loading user properties from: /Users/patrick/workspace/tools/apache-jmeter-2.13/bin/user.properties 
2015/12/03 14:05:29 INFO  - jmeter.JMeter: Loading system properties from: /Users/patrick/workspace/tools/apache-jmeter-2.13/bin/system.properties 
2015/12/03 14:05:29 INFO  - jmeter.JMeter: Copyright (c) 1998-2015 The Apache Software Foundation 
2015/12/03 14:05:29 INFO  - jmeter.JMeter: Version 2.13 r1665067 
2015/12/03 14:05:29 INFO  - jmeter.JMeter: java.version=1.8.0_51 
2015/12/03 14:05:29 INFO  - jmeter.JMeter: java.vm.name=Java HotSpot(TM) 64-Bit Server VM 
2015/12/03 14:05:29 INFO  - jmeter.JMeter: os.name=Mac OS X 
2015/12/03 14:05:29 INFO  - jmeter.JMeter: os.arch=x86_64 
2015/12/03 14:05:29 INFO  - jmeter.JMeter: os.version=10.10.5 
2015/12/03 14:05:29 INFO  - jmeter.JMeter: file.encoding=UTF-8 
2015/12/03 14:05:29 INFO  - jmeter.JMeter: Default Locale=中文 (中国) 
2015/12/03 14:05:29 INFO  - jmeter.JMeter: JMeter  Locale=中文 (中国) 
2015/12/03 14:05:29 INFO  - jmeter.JMeter: JMeterHome=/Users/patrick/workspace/tools/apache-jmeter-2.13 
2015/12/03 14:05:29 INFO  - jmeter.JMeter: user.dir  =/Users/patrick/workspace/works/self-repos/personal_blogs/simonpatrick.github.io 
2015/12/03 14:05:29 INFO  - jmeter.JMeter: PWD       =/Users/patrick/workspace/works/self-repos/personal_blogs/simonpatrick.github.io 
2015/12/03 14:05:29 INFO  - jmeter.JMeter: IP: 10.8.204.93 Name: patrickdeMacBook-Pro.local FullName: 10.8.204.93 
2015/12/03 14:05:30 INFO  - jmeter.gui.action.LookAndFeelCommand: Using look and feel: com.apple.laf.AquaLookAndFeel [Mac OS X, System] 
2015/12/03 14:05:30 INFO  - jmeter.JMeter: Loaded icon properties from org/apache/jmeter/images/icon.properties 
2015/12/03 14:05:32 INFO  - jmeter.engine.util.CompoundVariable: Note: Function class names must contain the string: '.functions.' 
2015/12/03 14:05:32 INFO  - jmeter.engine.util.CompoundVariable: Note: Function class names must not contain the string: '.gui.' 
2015/12/03 14:05:33 INFO  - jmeter.util.BSFTestElement: Registering JMeter version of JavaScript engine as work-round for BSF-22 
2015/12/03 14:05:33 INFO  - jmeter.protocol.http.sampler.HTTPSamplerBase: Cannot find .className property for htmlParser, using default 
2015/12/03 14:05:33 INFO  - jmeter.protocol.http.sampler.HTTPSamplerBase: Parser for text/html is  
2015/12/03 14:05:33 INFO  - jmeter.protocol.http.sampler.HTTPSamplerBase: Parser for application/xhtml+xml is  
2015/12/03 14:05:33 INFO  - jmeter.protocol.http.sampler.HTTPSamplerBase: Parser for application/xml is  
2015/12/03 14:05:33 INFO  - jmeter.protocol.http.sampler.HTTPSamplerBase: Parser for text/xml is  
2015/12/03 14:05:33 INFO  - jmeter.protocol.http.sampler.HTTPSamplerBase: Parser for text/vnd.wap.wml is org.apache.jmeter.protocol.http.parser.RegexpHTMLParser 
2015/12/03 14:05:33 INFO  - jmeter.gui.util.MenuFactory: Skipping org.apache.jmeter.protocol.http.control.gui.WebServiceSamplerGui 
2015/12/03 14:05:33 INFO  - jmeter.gui.util.MenuFactory: Skipping org.apache.jmeter.protocol.http.modifier.gui.ParamModifierGui 
2015/12/03 14:05:34 INFO  - jorphan.exec.KeyToolUtils: keytool found at 'keytool' 
2015/12/03 14:05:34 INFO  - jmeter.protocol.http.proxy.ProxyControl: HTTP(S) Test Script Recorder SSL Proxy will use keys that support embedded 3rd party resources in file /Users/patrick/workspace/tools/apache-jmeter-2.13/bin/proxyserver.jks 
2015/12/03 14:05:34 INFO  - jmeter.samplers.SampleResult: Note: Sample TimeStamps are START times 
2015/12/03 14:05:34 INFO  - jmeter.samplers.SampleResult: sampleresult.default.encoding is set to ISO-8859-1 
2015/12/03 14:05:34 INFO  - jmeter.samplers.SampleResult: sampleresult.useNanoTime=true 
2015/12/03 14:05:34 INFO  - jmeter.samplers.SampleResult: sampleresult.nanoThreadSleep=5000 
2015/12/03 14:22:02 INFO  - jmeter.engine.StandardJMeterEngine: Listeners will be started after enabling running version 
2015/12/03 14:22:02 INFO  - jmeter.engine.StandardJMeterEngine: To revert to the earlier behaviour, define jmeterengine.startlistenerslater=false 
2015/12/03 14:22:02 INFO  - jmeter.engine.StandardJMeterEngine: Running the test! 
2015/12/03 14:22:02 INFO  - jmeter.samplers.SampleEvent: List of sample_variables: [] 
2015/12/03 14:22:02 INFO  - jmeter.samplers.SampleEvent: List of sample_variables: [] 
2015/12/03 14:22:02 INFO  - jmeter.gui.util.JMeterMenuBar: setRunning(true,*local*) 
2015/12/03 14:22:03 INFO  - jmeter.engine.StandardJMeterEngine: Starting ThreadGroup: 1 : DataCenter-30Threads 
2015/12/03 14:22:03 INFO  - jmeter.engine.StandardJMeterEngine: Starting 1 threads for group DataCenter-30Threads. 
2015/12/03 14:22:03 INFO  - jmeter.engine.StandardJMeterEngine: Thread will continue on error 
2015/12/03 14:22:03 INFO  - jmeter.threads.ThreadGroup: Starting thread group number 1 threads 1 ramp-up 1 perThread 1000.0 delayedStart=false 
2015/12/03 14:22:03 INFO  - jmeter.threads.JMeterThread: jmeterthread.startearlier=true (see jmeter.properties) 
2015/12/03 14:22:03 INFO  - jmeter.threads.JMeterThread: Running PostProcessors in forward order 
2015/12/03 14:22:03 INFO  - jmeter.threads.ThreadGroup: Started thread group number 1 
2015/12/03 14:22:03 INFO  - jmeter.engine.StandardJMeterEngine: All thread groups have been started 
2015/12/03 14:22:03 INFO  - jmeter.threads.JMeterThread: Thread started: DataCenter-30Threads 1-1 
2015/12/03 14:22:03 INFO  - jmeter.protocol.http.sampler.HTTPHCAbstractImpl: Local host = patrickdeMacBook-Pro.local 
2015/12/03 14:22:03 INFO  - jmeter.protocol.http.sampler.HTTPHC4Impl: HTTP request retry count = 0 
2015/12/03 14:22:03 INFO  - jmeter.protocol.http.sampler.HTTPHC4Impl: Setting up HTTPS TrustAll scheme 
2015/12/03 14:22:03 INFO  - jmeter.util.JsseSSLManager: Using default SSL protocol: TLS 
2015/12/03 14:22:03 INFO  - jmeter.util.JsseSSLManager: SSL session context: per-thread 
2015/12/03 14:22:03 INFO  - jmeter.threads.JMeterThread: Thread is done: DataCenter-30Threads 1-1 
2015/12/03 14:22:03 INFO  - jmeter.threads.JMeterThread: Thread finished: DataCenter-30Threads 1-1 
2015/12/03 14:22:03 INFO  - jmeter.engine.StandardJMeterEngine: Notifying test listeners of end of test 
2015/12/03 14:22:03 INFO  - jmeter.services.FileServer: Default base='/Users/patrick/workspace/works/self-repos/personal_blogs/simonpatrick.github.io' 
2015/12/03 14:22:03 INFO  - jmeter.gui.util.JMeterMenuBar: setRunning(false,*local*) 
2015/12/03 14:22:34 INFO  - jmeter.services.FileServer: Set new base='/Users/patrick/workspace/dooioo/performance_notes/jmeter_plans' 
2015/12/03 14:22:34 INFO  - jmeter.save.SaveService: Testplan (JMX) version: 2.2. Testlog (JTL) version: 2.2 
2015/12/03 14:22:34 INFO  - jmeter.save.SaveService: Using SaveService properties file encoding UTF-8 
2015/12/03 14:22:34 INFO  - jmeter.save.SaveService: Using SaveService properties file version 1656252 
2015/12/03 14:22:35 INFO  - jmeter.save.SaveService: Using SaveService properties version 2.8 
2015/12/03 14:22:35 INFO  - jmeter.save.SaveService: All converter versions present and correct 
2015/12/03 14:22:43 INFO  - jmeter.engine.StandardJMeterEngine: Running the test! 
2015/12/03 14:22:43 INFO  - jmeter.samplers.SampleEvent: List of sample_variables: [] 
2015/12/03 14:22:43 INFO  - jmeter.gui.util.JMeterMenuBar: setRunning(true,*local*) 
2015/12/03 14:22:44 INFO  - jmeter.engine.StandardJMeterEngine: Starting ThreadGroup: 1 : DataCenter-30Threads 
2015/12/03 14:22:44 INFO  - jmeter.engine.StandardJMeterEngine: Starting 1 threads for group DataCenter-30Threads. 
2015/12/03 14:22:44 INFO  - jmeter.engine.StandardJMeterEngine: Thread will continue on error 
2015/12/03 14:22:44 INFO  - jmeter.threads.ThreadGroup: Starting thread group number 1 threads 1 ramp-up 1 perThread 1000.0 delayedStart=false 
2015/12/03 14:22:44 INFO  - jmeter.threads.ThreadGroup: Started thread group number 1 
2015/12/03 14:22:44 INFO  - jmeter.engine.StandardJMeterEngine: All thread groups have been started 
2015/12/03 14:22:44 INFO  - jmeter.threads.JMeterThread: Thread started: DataCenter-30Threads 1-1 
2015/12/03 14:22:44 INFO  - jmeter.threads.JMeterThread: Thread is done: DataCenter-30Threads 1-1 
2015/12/03 14:22:44 INFO  - jmeter.threads.JMeterThread: Thread finished: DataCenter-30Threads 1-1 
2015/12/03 14:22:44 INFO  - jmeter.engine.StandardJMeterEngine: Notifying test listeners of end of test 
2015/12/03 14:22:44 INFO  - jmeter.gui.util.JMeterMenuBar: setRunning(false,*local*) 
2015/12/03 14:23:01 INFO  - jmeter.engine.StandardJMeterEngine: Running the test! 
2015/12/03 14:23:01 INFO  - jmeter.samplers.SampleEvent: List of sample_variables: [] 
2015/12/03 14:23:01 INFO  - jmeter.gui.util.JMeterMenuBar: setRunning(true,*local*) 
2015/12/03 14:23:01 INFO  - jmeter.engine.StandardJMeterEngine: Starting ThreadGroup: 1 : DataCenter-30Threads 
2015/12/03 14:23:01 INFO  - jmeter.engine.StandardJMeterEngine: Starting 1 threads for group DataCenter-30Threads. 
2015/12/03 14:23:01 INFO  - jmeter.engine.StandardJMeterEngine: Thread will continue on error 
2015/12/03 14:23:01 INFO  - jmeter.threads.ThreadGroup: Starting thread group number 1 threads 1 ramp-up 1 perThread 1000.0 delayedStart=false 
2015/12/03 14:23:01 INFO  - jmeter.threads.ThreadGroup: Started thread group number 1 
2015/12/03 14:23:01 INFO  - jmeter.engine.StandardJMeterEngine: All thread groups have been started 
2015/12/03 14:23:01 INFO  - jmeter.threads.JMeterThread: Thread started: DataCenter-30Threads 1-1 
2015/12/03 14:23:01 INFO  - jmeter.threads.JMeterThread: Thread is done: DataCenter-30Threads 1-1 
2015/12/03 14:23:01 INFO  - jmeter.threads.JMeterThread: Thread finished: DataCenter-30Threads 1-1 
2015/12/03 14:23:01 INFO  - jmeter.engine.StandardJMeterEngine: Notifying test listeners of end of test 
2015/12/03 14:23:01 INFO  - jmeter.gui.util.JMeterMenuBar: setRunning(false,*local*) 
2015/12/03 14:26:36 INFO  - jmeter.engine.StandardJMeterEngine: Running the test! 
2015/12/03 14:26:36 INFO  - jmeter.samplers.SampleEvent: List of sample_variables: [] 
2015/12/03 14:26:36 INFO  - jmeter.gui.util.JMeterMenuBar: setRunning(true,*local*) 
2015/12/03 14:26:37 INFO  - jmeter.engine.StandardJMeterEngine: Starting ThreadGroup: 1 : DataCenter-30Threads 
2015/12/03 14:26:37 INFO  - jmeter.engine.StandardJMeterEngine: Starting 1 threads for group DataCenter-30Threads. 
2015/12/03 14:26:37 INFO  - jmeter.engine.StandardJMeterEngine: Thread will continue on error 
2015/12/03 14:26:37 INFO  - jmeter.threads.ThreadGroup: Starting thread group number 1 threads 1 ramp-up 1 perThread 1000.0 delayedStart=false 
2015/12/03 14:26:37 INFO  - jmeter.threads.ThreadGroup: Started thread group number 1 
2015/12/03 14:26:37 INFO  - jmeter.engine.StandardJMeterEngine: All thread groups have been started 
2015/12/03 14:26:37 INFO  - jmeter.threads.JMeterThread: Thread started: DataCenter-30Threads 1-1 
2015/12/03 14:26:37 INFO  - jmeter.threads.JMeterThread: Thread is done: DataCenter-30Threads 1-1 
2015/12/03 14:26:37 INFO  - jmeter.threads.JMeterThread: Thread finished: DataCenter-30Threads 1-1 
2015/12/03 14:26:37 INFO  - jmeter.engine.StandardJMeterEngine: Notifying test listeners of end of test 
2015/12/03 14:26:37 INFO  - jmeter.gui.util.JMeterMenuBar: setRunning(false,*local*) 
2015/12/03 14:28:38 INFO  - jmeter.engine.StandardJMeterEngine: Running the test! 
2015/12/03 14:28:38 INFO  - jmeter.samplers.SampleEvent: List of sample_variables: [] 
2015/12/03 14:28:38 INFO  - jmeter.gui.util.JMeterMenuBar: setRunning(true,*local*) 
2015/12/03 14:28:38 INFO  - jmeter.engine.StandardJMeterEngine: Starting ThreadGroup: 1 : DataCenter-30Threads 
2015/12/03 14:28:38 INFO  - jmeter.engine.StandardJMeterEngine: Starting 1 threads for group DataCenter-30Threads. 
2015/12/03 14:28:38 INFO  - jmeter.engine.StandardJMeterEngine: Thread will continue on error 
2015/12/03 14:28:38 INFO  - jmeter.threads.ThreadGroup: Starting thread group number 1 threads 1 ramp-up 1 perThread 1000.0 delayedStart=false 
2015/12/03 14:28:38 INFO  - jmeter.threads.ThreadGroup: Started thread group number 1 
2015/12/03 14:28:38 INFO  - jmeter.engine.StandardJMeterEngine: All thread groups have been started 
2015/12/03 14:28:38 INFO  - jmeter.threads.JMeterThread: Thread started: DataCenter-30Threads 1-1 
2015/12/03 14:28:38 INFO  - jmeter.threads.JMeterThread: Thread is done: DataCenter-30Threads 1-1 
2015/12/03 14:28:38 INFO  - jmeter.threads.JMeterThread: Thread finished: DataCenter-30Threads 1-1 
2015/12/03 14:28:38 INFO  - jmeter.engine.StandardJMeterEngine: Notifying test listeners of end of test 
2015/12/03 14:28:38 INFO  - jmeter.gui.util.JMeterMenuBar: setRunning(false,*local*) 
2015/12/03 14:30:52 INFO  - jmeter.engine.StandardJMeterEngine: Running the test! 
2015/12/03 14:30:52 INFO  - jmeter.samplers.SampleEvent: List of sample_variables: [] 
2015/12/03 14:30:52 INFO  - jmeter.gui.util.JMeterMenuBar: setRunning(true,*local*) 
2015/12/03 14:30:52 INFO  - jmeter.engine.StandardJMeterEngine: Starting ThreadGroup: 1 : DataCenter-30Threads 
2015/12/03 14:30:52 INFO  - jmeter.engine.StandardJMeterEngine: Starting 30 threads for group DataCenter-30Threads. 
2015/12/03 14:30:52 INFO  - jmeter.engine.StandardJMeterEngine: Thread will continue on error 
2015/12/03 14:30:52 INFO  - jmeter.threads.ThreadGroup: Starting thread group number 1 threads 30 ramp-up 10 perThread 333.33334 delayedStart=false 
2015/12/03 14:30:52 INFO  - jmeter.threads.JMeterThread: Thread started: DataCenter-30Threads 1-1 
2015/12/03 14:30:52 INFO  - jmeter.threads.ThreadGroup: Started thread group number 1 
2015/12/03 14:30:52 INFO  - jmeter.engine.StandardJMeterEngine: All thread groups have been started 
2015/12/03 14:30:52 INFO  - jmeter.threads.JMeterThread: Thread started: DataCenter-30Threads 1-2 
2015/12/03 14:30:53 INFO  - jmeter.threads.JMeterThread: Thread is done: DataCenter-30Threads 1-1 
2015/12/03 14:30:53 INFO  - jmeter.threads.JMeterThread: Thread finished: DataCenter-30Threads 1-1 
2015/12/03 14:30:53 INFO  - jmeter.threads.JMeterThread: Thread is done: DataCenter-30Threads 1-2 
2015/12/03 14:30:53 INFO  - jmeter.threads.JMeterThread: Thread finished: DataCenter-30Threads 1-2 
2015/12/03 14:30:53 INFO  - jmeter.threads.JMeterThread: Thread started: DataCenter-30Threads 1-3 
2015/12/03 14:30:53 INFO  - jmeter.threads.JMeterThread: Thread is done: DataCenter-30Threads 1-3 
2015/12/03 14:30:53 INFO  - jmeter.threads.JMeterThread: Thread finished: DataCenter-30Threads 1-3 
2015/12/03 14:30:53 INFO  - jmeter.threads.JMeterThread: Thread started: DataCenter-30Threads 1-4 
2015/12/03 14:30:53 INFO  - jmeter.threads.JMeterThread: Thread is done: DataCenter-30Threads 1-4 
2015/12/03 14:30:53 INFO  - jmeter.threads.JMeterThread: Thread finished: DataCenter-30Threads 1-4 
2015/12/03 14:30:53 INFO  - jmeter.threads.JMeterThread: Thread started: DataCenter-30Threads 1-5 
2015/12/03 14:30:53 INFO  - jmeter.threads.JMeterThread: Thread is done: DataCenter-30Threads 1-5 
2015/12/03 14:30:53 INFO  - jmeter.threads.JMeterThread: Thread finished: DataCenter-30Threads 1-5 
2015/12/03 14:30:54 INFO  - jmeter.threads.JMeterThread: Thread started: DataCenter-30Threads 1-6 
2015/12/03 14:30:54 INFO  - jmeter.threads.JMeterThread: Thread is done: DataCenter-30Threads 1-6 
2015/12/03 14:30:54 INFO  - jmeter.threads.JMeterThread: Thread finished: DataCenter-30Threads 1-6 
2015/12/03 14:30:54 INFO  - jmeter.threads.JMeterThread: Thread started: DataCenter-30Threads 1-7 
2015/12/03 14:30:54 INFO  - jmeter.threads.JMeterThread: Thread is done: DataCenter-30Threads 1-7 
2015/12/03 14:30:54 INFO  - jmeter.threads.JMeterThread: Thread finished: DataCenter-30Threads 1-7 
2015/12/03 14:30:54 INFO  - jmeter.threads.JMeterThread: Thread started: DataCenter-30Threads 1-8 
2015/12/03 14:30:54 INFO  - jmeter.threads.JMeterThread: Thread is done: DataCenter-30Threads 1-8 
2015/12/03 14:30:54 INFO  - jmeter.threads.JMeterThread: Thread finished: DataCenter-30Threads 1-8 
2015/12/03 14:30:55 INFO  - jmeter.threads.JMeterThread: Thread started: DataCenter-30Threads 1-9 
2015/12/03 14:30:55 INFO  - jmeter.threads.JMeterThread: Thread is done: DataCenter-30Threads 1-9 
2015/12/03 14:30:55 INFO  - jmeter.threads.JMeterThread: Thread finished: DataCenter-30Threads 1-9 
2015/12/03 14:30:55 INFO  - jmeter.threads.JMeterThread: Thread started: DataCenter-30Threads 1-10 
2015/12/03 14:30:55 INFO  - jmeter.threads.JMeterThread: Thread is done: DataCenter-30Threads 1-10 
2015/12/03 14:30:55 INFO  - jmeter.threads.JMeterThread: Thread finished: DataCenter-30Threads 1-10 
2015/12/03 14:30:55 INFO  - jmeter.threads.JMeterThread: Thread started: DataCenter-30Threads 1-11 
2015/12/03 14:30:55 INFO  - jmeter.threads.JMeterThread: Thread is done: DataCenter-30Threads 1-11 
2015/12/03 14:30:55 INFO  - jmeter.threads.JMeterThread: Thread finished: DataCenter-30Threads 1-11 
2015/12/03 14:30:56 INFO  - jmeter.threads.JMeterThread: Thread started: DataCenter-30Threads 1-12 
2015/12/03 14:30:56 INFO  - jmeter.threads.JMeterThread: Thread is done: DataCenter-30Threads 1-12 
2015/12/03 14:30:56 INFO  - jmeter.threads.JMeterThread: Thread finished: DataCenter-30Threads 1-12 
2015/12/03 14:30:56 INFO  - jmeter.threads.JMeterThread: Thread started: DataCenter-30Threads 1-13 
2015/12/03 14:30:56 INFO  - jmeter.threads.JMeterThread: Thread is done: DataCenter-30Threads 1-13 
2015/12/03 14:30:56 INFO  - jmeter.threads.JMeterThread: Thread finished: DataCenter-30Threads 1-13 
2015/12/03 14:30:56 INFO  - jmeter.threads.JMeterThread: Thread started: DataCenter-30Threads 1-14 
2015/12/03 14:30:56 INFO  - jmeter.threads.JMeterThread: Thread is done: DataCenter-30Threads 1-14 
2015/12/03 14:30:56 INFO  - jmeter.threads.JMeterThread: Thread finished: DataCenter-30Threads 1-14 
2015/12/03 14:30:57 INFO  - jmeter.threads.JMeterThread: Thread started: DataCenter-30Threads 1-15 
2015/12/03 14:30:57 INFO  - jmeter.threads.JMeterThread: Thread is done: DataCenter-30Threads 1-15 
2015/12/03 14:30:57 INFO  - jmeter.threads.JMeterThread: Thread finished: DataCenter-30Threads 1-15 
2015/12/03 14:30:57 INFO  - jmeter.threads.JMeterThread: Thread started: DataCenter-30Threads 1-16 
2015/12/03 14:30:57 INFO  - jmeter.threads.JMeterThread: Thread is done: DataCenter-30Threads 1-16 
2015/12/03 14:30:57 INFO  - jmeter.threads.JMeterThread: Thread finished: DataCenter-30Threads 1-16 
2015/12/03 14:30:57 INFO  - jmeter.threads.JMeterThread: Thread started: DataCenter-30Threads 1-17 
2015/12/03 14:30:57 INFO  - jmeter.threads.JMeterThread: Thread is done: DataCenter-30Threads 1-17 
2015/12/03 14:30:57 INFO  - jmeter.threads.JMeterThread: Thread finished: DataCenter-30Threads 1-17 
2015/12/03 14:30:58 INFO  - jmeter.threads.JMeterThread: Thread started: DataCenter-30Threads 1-18 
2015/12/03 14:30:58 INFO  - jmeter.threads.JMeterThread: Thread is done: DataCenter-30Threads 1-18 
2015/12/03 14:30:58 INFO  - jmeter.threads.JMeterThread: Thread finished: DataCenter-30Threads 1-18 
2015/12/03 14:30:58 INFO  - jmeter.threads.JMeterThread: Thread started: DataCenter-30Threads 1-19 
2015/12/03 14:30:58 INFO  - jmeter.threads.JMeterThread: Thread is done: DataCenter-30Threads 1-19 
2015/12/03 14:30:58 INFO  - jmeter.threads.JMeterThread: Thread finished: DataCenter-30Threads 1-19 
2015/12/03 14:30:58 INFO  - jmeter.threads.JMeterThread: Thread started: DataCenter-30Threads 1-20 
2015/12/03 14:30:58 INFO  - jmeter.threads.JMeterThread: Thread is done: DataCenter-30Threads 1-20 
2015/12/03 14:30:58 INFO  - jmeter.threads.JMeterThread: Thread finished: DataCenter-30Threads 1-20 
2015/12/03 14:30:59 INFO  - jmeter.threads.JMeterThread: Thread started: DataCenter-30Threads 1-21 
2015/12/03 14:30:59 INFO  - jmeter.threads.JMeterThread: Thread is done: DataCenter-30Threads 1-21 
2015/12/03 14:30:59 INFO  - jmeter.threads.JMeterThread: Thread finished: DataCenter-30Threads 1-21 
2015/12/03 14:30:59 INFO  - jmeter.threads.JMeterThread: Thread started: DataCenter-30Threads 1-22 
2015/12/03 14:30:59 INFO  - jmeter.threads.JMeterThread: Thread is done: DataCenter-30Threads 1-22 
2015/12/03 14:30:59 INFO  - jmeter.threads.JMeterThread: Thread finished: DataCenter-30Threads 1-22 
2015/12/03 14:30:59 INFO  - jmeter.threads.JMeterThread: Thread started: DataCenter-30Threads 1-23 
2015/12/03 14:30:59 INFO  - jmeter.threads.JMeterThread: Thread is done: DataCenter-30Threads 1-23 
2015/12/03 14:30:59 INFO  - jmeter.threads.JMeterThread: Thread finished: DataCenter-30Threads 1-23 
2015/12/03 14:31:00 INFO  - jmeter.threads.JMeterThread: Thread started: DataCenter-30Threads 1-24 
2015/12/03 14:31:00 INFO  - jmeter.threads.JMeterThread: Thread is done: DataCenter-30Threads 1-24 
2015/12/03 14:31:00 INFO  - jmeter.threads.JMeterThread: Thread finished: DataCenter-30Threads 1-24 
2015/12/03 14:31:00 INFO  - jmeter.threads.JMeterThread: Thread started: DataCenter-30Threads 1-25 
2015/12/03 14:31:00 INFO  - jmeter.threads.JMeterThread: Thread is done: DataCenter-30Threads 1-25 
2015/12/03 14:31:00 INFO  - jmeter.threads.JMeterThread: Thread finished: DataCenter-30Threads 1-25 
2015/12/03 14:31:00 INFO  - jmeter.threads.JMeterThread: Thread started: DataCenter-30Threads 1-26 
2015/12/03 14:31:00 INFO  - jmeter.threads.JMeterThread: Thread is done: DataCenter-30Threads 1-26 
2015/12/03 14:31:00 INFO  - jmeter.threads.JMeterThread: Thread finished: DataCenter-30Threads 1-26 
2015/12/03 14:31:01 INFO  - jmeter.threads.JMeterThread: Thread started: DataCenter-30Threads 1-27 
2015/12/03 14:31:01 INFO  - jmeter.threads.JMeterThread: Thread is done: DataCenter-30Threads 1-27 
2015/12/03 14:31:01 INFO  - jmeter.threads.JMeterThread: Thread finished: DataCenter-30Threads 1-27 
2015/12/03 14:31:01 INFO  - jmeter.threads.JMeterThread: Thread started: DataCenter-30Threads 1-28 
2015/12/03 14:31:01 INFO  - jmeter.threads.JMeterThread: Thread is done: DataCenter-30Threads 1-28 
2015/12/03 14:31:01 INFO  - jmeter.threads.JMeterThread: Thread finished: DataCenter-30Threads 1-28 
2015/12/03 14:31:01 INFO  - jmeter.threads.JMeterThread: Thread started: DataCenter-30Threads 1-29 
2015/12/03 14:31:01 INFO  - jmeter.threads.JMeterThread: Thread is done: DataCenter-30Threads 1-29 
2015/12/03 14:31:01 INFO  - jmeter.threads.JMeterThread: Thread finished: DataCenter-30Threads 1-29 
2015/12/03 14:31:02 INFO  - jmeter.threads.JMeterThread: Thread started: DataCenter-30Threads 1-30 
2015/12/03 14:31:02 INFO  - jmeter.threads.JMeterThread: Thread is done: DataCenter-30Threads 1-30 
2015/12/03 14:31:02 INFO  - jmeter.threads.JMeterThread: Thread finished: DataCenter-30Threads 1-30 
2015/12/03 14:31:02 INFO  - jmeter.engine.StandardJMeterEngine: Notifying test listeners of end of test 
2015/12/03 14:31:02 INFO  - jmeter.gui.util.JMeterMenuBar: setRunning(false,*local*) 
